<?xml version="1.0" encoding="UTF-8"?>
<!-- Generated by org.testng.reporters.JUnitReportReporter -->
<testsuite hostname="DESKTOP-5D6JBLG" failures="0" tests="1" name="sample.SampleTest" time="0.021" errors="0" timestamp="2023-03-22T12:14:16 IST" skipped="0">
  <testcase classname="sample.SampleTest" name="sample" time="0.021"/>
  <system-out/>
</testsuite> <!-- sample.SampleTest -->
